2025-02-13 14:18:31,092 DEBUG    root            Loaded Command Group: ['gcloud', 'components']
2025-02-13 14:18:31,094 DEBUG    root            Loaded Command Group: ['gcloud', 'components', 'update']
2025-02-13 14:18:31,096 DEBUG    root            Running [gcloud.components.update] with arguments: [--quiet: "True", COMPONENT-IDS:8: "['gcloud', 'core', 'bq', 'gsutil', 'compute', 'preview', 'alpha', 'beta']"]
2025-02-13 14:18:31,097 INFO     ___FILE_ONLY___ Beginning update. This process may take several minutes.

2025-02-13 14:18:31,105 DEBUG    urllib3.connectionpool Starting new HTTPS connection (1): dl.google.com:443
2025-02-13 14:18:31,296 DEBUG    urllib3.connectionpool https://dl.google.com:443 "GET /dl/cloudsdk/channels/rapid/components-2.json HTTP/11" 200 227832
2025-02-13 14:18:31,309 WARNING  root            Component [compute] no longer exists.
2025-02-13 14:18:31,310 INFO     ___FILE_ONLY___ 

2025-02-13 14:18:31,311 INFO     ___FILE_ONLY___ 
Your current Google Cloud CLI version is: 510.0.0

2025-02-13 14:18:31,311 INFO     ___FILE_ONLY___ Installing components from version: 510.0.0

2025-02-13 14:18:31,311 INFO     ___FILE_ONLY___ 

2025-02-13 14:18:31,311 DEBUG    root            Chosen display Format:table[box,title="These components will be removed."](details.display_name:label=Name:align=left,version.version_string:label=Version:align=right,data.size.size(zero="",min=1048576):label=Size:align=right)
2025-02-13 14:18:31,312 DEBUG    root            Chosen display Format:table[box,title="These components will be updated."](details.display_name:label=Name:align=left,version.version_string:label=Version:align=right,data.size.size(zero="",min=1048576):label=Size:align=right)
2025-02-13 14:18:31,312 DEBUG    root            Chosen display Format:table[box,title="These components will be installed."](details.display_name:label=Name:align=left,version.version_string:label=Version:align=right,data.size.size(zero="",min=1048576):label=Size:align=right)
2025-02-13 14:18:31,326 INFO     ___FILE_ONLY___ ┌────────────────────────────────────────────────┐
2025-02-13 14:18:31,326 INFO     ___FILE_ONLY___ 

2025-02-13 14:18:31,326 INFO     ___FILE_ONLY___ │      These components will be installed.       │
2025-02-13 14:18:31,326 INFO     ___FILE_ONLY___ 

2025-02-13 14:18:31,326 INFO     ___FILE_ONLY___ ├─────────────────────────┬────────────┬─────────┤
2025-02-13 14:18:31,327 INFO     ___FILE_ONLY___ 

2025-02-13 14:18:31,327 INFO     ___FILE_ONLY___ │           Name          │  Version   │   Size  │
2025-02-13 14:18:31,327 INFO     ___FILE_ONLY___ 

2025-02-13 14:18:31,327 INFO     ___FILE_ONLY___ ├─────────────────────────┼────────────┼─────────┤
2025-02-13 14:18:31,327 INFO     ___FILE_ONLY___ 

2025-02-13 14:18:31,327 INFO     ___FILE_ONLY___ │ 
2025-02-13 14:18:31,327 INFO     ___FILE_ONLY___ gcloud Alpha Commands  
2025-02-13 14:18:31,327 INFO     ___FILE_ONLY___  
2025-02-13 14:18:31,327 INFO     ___FILE_ONLY___ │ 
2025-02-13 14:18:31,327 INFO     ___FILE_ONLY___ 2025.02.10
2025-02-13 14:18:31,327 INFO     ___FILE_ONLY___  
2025-02-13 14:18:31,327 INFO     ___FILE_ONLY___ │ 
2025-02-13 14:18:31,327 INFO     ___FILE_ONLY___ < 1 MiB
2025-02-13 14:18:31,327 INFO     ___FILE_ONLY___  
2025-02-13 14:18:31,327 INFO     ___FILE_ONLY___ │
2025-02-13 14:18:31,327 INFO     ___FILE_ONLY___ 

2025-02-13 14:18:31,327 INFO     ___FILE_ONLY___ │ 
2025-02-13 14:18:31,327 INFO     ___FILE_ONLY___ gcloud Beta Commands   
2025-02-13 14:18:31,327 INFO     ___FILE_ONLY___  
2025-02-13 14:18:31,328 INFO     ___FILE_ONLY___ │ 
2025-02-13 14:18:31,328 INFO     ___FILE_ONLY___ 2025.02.10
2025-02-13 14:18:31,328 INFO     ___FILE_ONLY___  
2025-02-13 14:18:31,328 INFO     ___FILE_ONLY___ │ 
2025-02-13 14:18:31,328 INFO     ___FILE_ONLY___ < 1 MiB
2025-02-13 14:18:31,328 INFO     ___FILE_ONLY___  
2025-02-13 14:18:31,328 INFO     ___FILE_ONLY___ │
2025-02-13 14:18:31,328 INFO     ___FILE_ONLY___ 

2025-02-13 14:18:31,328 INFO     ___FILE_ONLY___ │ 
2025-02-13 14:18:31,328 INFO     ___FILE_ONLY___ gcloud Preview Commands
2025-02-13 14:18:31,328 INFO     ___FILE_ONLY___  
2025-02-13 14:18:31,328 INFO     ___FILE_ONLY___ │ 
2025-02-13 14:18:31,328 INFO     ___FILE_ONLY___           
2025-02-13 14:18:31,328 INFO     ___FILE_ONLY___  
2025-02-13 14:18:31,328 INFO     ___FILE_ONLY___ │ 
2025-02-13 14:18:31,328 INFO     ___FILE_ONLY___ < 1 MiB
2025-02-13 14:18:31,328 INFO     ___FILE_ONLY___  
2025-02-13 14:18:31,328 INFO     ___FILE_ONLY___ │
2025-02-13 14:18:31,328 INFO     ___FILE_ONLY___ 

2025-02-13 14:18:31,329 INFO     ___FILE_ONLY___ └─────────────────────────┴────────────┴─────────┘
2025-02-13 14:18:31,329 INFO     ___FILE_ONLY___ 

2025-02-13 14:18:31,329 INFO     ___FILE_ONLY___ 

2025-02-13 14:18:31,332 DEBUG    urllib3.connectionpool Starting new HTTPS connection (1): dl.google.com:443
2025-02-13 14:18:31,531 DEBUG    urllib3.connectionpool https://dl.google.com:443 "GET /dl/cloudsdk/channels/rapid/RELEASE_NOTES HTTP/11" 200 1354946
2025-02-13 14:18:31,980 INFO     ___FILE_ONLY___ For the latest full release notes, please visit:
  https://cloud.google.com/sdk/release_notes


2025-02-13 14:18:31,980 INFO     ___FILE_ONLY___ Performing in place update...


2025-02-13 14:18:31,982 INFO     ___FILE_ONLY___ ╔════════════════════════════════════════════════════════════╗

2025-02-13 14:18:31,982 INFO     ___FILE_ONLY___ ╠═ Downloading: gcloud Alpha Commands                       ═╣

2025-02-13 14:18:31,982 INFO     ___FILE_ONLY___ ╚
2025-02-13 14:18:31,985 DEBUG    urllib3.connectionpool Starting new HTTPS connection (1): dl.google.com:443
2025-02-13 14:18:33,136 DEBUG    urllib3.connectionpool https://dl.google.com:443 "GET /dl/cloudsdk/channels/rapid/components/google-cloud-sdk-alpha-20250210213649.tar.gz HTTP/11" 200 800
2025-02-13 14:18:33,137 INFO     ___FILE_ONLY___ ════════════════════════════════════════════════════════════
2025-02-13 14:18:33,137 INFO     ___FILE_ONLY___ ╝

2025-02-13 14:18:33,139 INFO     ___FILE_ONLY___ ╔════════════════════════════════════════════════════════════╗

2025-02-13 14:18:33,139 INFO     ___FILE_ONLY___ ╠═ Downloading: gcloud Beta Commands                        ═╣

2025-02-13 14:18:33,139 INFO     ___FILE_ONLY___ ╚
2025-02-13 14:18:33,143 DEBUG    urllib3.connectionpool Starting new HTTPS connection (1): dl.google.com:443
2025-02-13 14:18:33,342 DEBUG    urllib3.connectionpool https://dl.google.com:443 "GET /dl/cloudsdk/channels/rapid/components/google-cloud-sdk-beta-20250210213649.tar.gz HTTP/11" 200 797
2025-02-13 14:18:33,342 INFO     ___FILE_ONLY___ ════════════════════════════════════════════════════════════
2025-02-13 14:18:33,342 INFO     ___FILE_ONLY___ ╝

2025-02-13 14:18:33,344 INFO     ___FILE_ONLY___ ╔════════════════════════════════════════════════════════════╗

2025-02-13 14:18:33,344 INFO     ___FILE_ONLY___ ╠═ Downloading: gcloud Preview Commands                     ═╣

2025-02-13 14:18:33,344 INFO     ___FILE_ONLY___ ╚
2025-02-13 14:18:33,347 DEBUG    urllib3.connectionpool Starting new HTTPS connection (1): dl.google.com:443
2025-02-13 14:18:34,392 DEBUG    urllib3.connectionpool https://dl.google.com:443 "GET /dl/cloudsdk/channels/rapid/components/google-cloud-sdk-preview-20241115154308.tar.gz HTTP/11" 200 823
2025-02-13 14:18:34,393 INFO     ___FILE_ONLY___ ════════════════════════════════════════════════════════════
2025-02-13 14:18:34,393 INFO     ___FILE_ONLY___ ╝

2025-02-13 14:18:34,395 INFO     ___FILE_ONLY___ ╔════════════════════════════════════════════════════════════╗

2025-02-13 14:18:34,395 INFO     ___FILE_ONLY___ ╠═ Installing: gcloud Alpha Commands                        ═╣

2025-02-13 14:18:34,395 INFO     ___FILE_ONLY___ ╚
2025-02-13 14:18:34,396 INFO     ___FILE_ONLY___ ════════════════════════════════════════════════════════════
2025-02-13 14:18:34,397 INFO     ___FILE_ONLY___ ╝

2025-02-13 14:18:34,401 INFO     ___FILE_ONLY___ ╔════════════════════════════════════════════════════════════╗

2025-02-13 14:18:34,402 INFO     ___FILE_ONLY___ ╠═ Installing: gcloud Beta Commands                         ═╣

2025-02-13 14:18:34,402 INFO     ___FILE_ONLY___ ╚
2025-02-13 14:18:34,402 INFO     ___FILE_ONLY___ ════════════════════════════════════════════════════════════
2025-02-13 14:18:34,402 INFO     ___FILE_ONLY___ ╝

2025-02-13 14:18:34,407 INFO     ___FILE_ONLY___ ╔════════════════════════════════════════════════════════════╗

2025-02-13 14:18:34,407 INFO     ___FILE_ONLY___ ╠═ Installing: gcloud Preview Commands                      ═╣

2025-02-13 14:18:34,408 INFO     ___FILE_ONLY___ ╚
2025-02-13 14:18:34,408 INFO     ___FILE_ONLY___ ════════════════════════════════════════════════════════════
2025-02-13 14:18:34,408 INFO     ___FILE_ONLY___ ╝

2025-02-13 14:18:34,413 DEBUG    root            Updating notification cache...
2025-02-13 14:18:34,413 INFO     ___FILE_ONLY___ 

2025-02-13 14:18:34,415 INFO     ___FILE_ONLY___ Performing post processing steps...
2025-02-13 14:18:34,415 DEBUG    root            Executing command: ['/tools/google-cloud-sdk/bin/gcloud', 'components', 'post-process']
2025-02-13 14:18:42,871 DEBUG    ___FILE_ONLY___ 
2025-02-13 14:18:42,871 DEBUG    ___FILE_ONLY___ 
2025-02-13 14:18:42,971 INFO     ___FILE_ONLY___ 
Update done!


2025-02-13 14:18:42,974 DEBUG    root            Chosen display Format:none
2025-02-13 14:18:42,975 INFO     root            Display format: "none"
