2025-02-13 14:18:04,266 DEBUG    root            Loaded Command Group: ['gcloud', 'components']
2025-02-13 14:18:04,270 DEBUG    root            Loaded Command Group: ['gcloud', 'components', 'update']
2025-02-13 14:18:04,271 DEBUG    root            Running [gcloud.components.update] with arguments: [--compile-python: "True", --quiet: "True", COMPONENT-IDS:6: "['core', 'gcloud-deps', 'bq', 'gcloud', 'gcloud-crc32c', 'gsutil']"]
2025-02-13 14:18:04,272 INFO     ___FILE_ONLY___ Beginning update. This process may take several minutes.

2025-02-13 14:18:04,307 DEBUG    urllib3.connectionpool Starting new HTTPS connection (1): dl.google.com:443
2025-02-13 14:18:04,504 DEBUG    urllib3.connectionpool https://dl.google.com:443 "GET /dl/cloudsdk/channels/rapid/components-2.json HTTP/11" 200 227832
2025-02-13 14:18:04,515 INFO     ___FILE_ONLY___ 

2025-02-13 14:18:04,515 INFO     ___FILE_ONLY___ 
Your current Google Cloud CLI version is: 510.0.0

2025-02-13 14:18:04,515 INFO     ___FILE_ONLY___ Installing components from version: 510.0.0

2025-02-13 14:18:04,515 INFO     ___FILE_ONLY___ 

2025-02-13 14:18:04,516 DEBUG    root            Chosen display Format:table[box,title="These components will be removed."](details.display_name:label=Name:align=left,version.version_string:label=Version:align=right,data.size.size(zero="",min=1048576):label=Size:align=right)
2025-02-13 14:18:04,516 DEBUG    root            Chosen display Format:table[box,title="These components will be updated."](details.display_name:label=Name:align=left,version.version_string:label=Version:align=right,data.size.size(zero="",min=1048576):label=Size:align=right)
2025-02-13 14:18:04,517 DEBUG    root            Chosen display Format:table[box,title="These components will be installed."](details.display_name:label=Name:align=left,version.version_string:label=Version:align=right,data.size.size(zero="",min=1048576):label=Size:align=right)
2025-02-13 14:18:04,552 INFO     ___FILE_ONLY___ ┌─────────────────────────────────────────────────────────────────────────────┐
2025-02-13 14:18:04,553 INFO     ___FILE_ONLY___ 

2025-02-13 14:18:04,553 INFO     ___FILE_ONLY___ │                     These components will be installed.                     │
2025-02-13 14:18:04,553 INFO     ___FILE_ONLY___ 

2025-02-13 14:18:04,553 INFO     ___FILE_ONLY___ ├─────────────────────────────────────────────────────┬────────────┬──────────┤
2025-02-13 14:18:04,553 INFO     ___FILE_ONLY___ 

2025-02-13 14:18:04,553 INFO     ___FILE_ONLY___ │                         Name                        │  Version   │   Size   │
2025-02-13 14:18:04,553 INFO     ___FILE_ONLY___ 

2025-02-13 14:18:04,553 INFO     ___FILE_ONLY___ ├─────────────────────────────────────────────────────┼────────────┼──────────┤
2025-02-13 14:18:04,553 INFO     ___FILE_ONLY___ 

2025-02-13 14:18:04,553 INFO     ___FILE_ONLY___ │ 
2025-02-13 14:18:04,553 INFO     ___FILE_ONLY___ BigQuery Command Line Tool                         
2025-02-13 14:18:04,553 INFO     ___FILE_ONLY___  
2025-02-13 14:18:04,553 INFO     ___FILE_ONLY___ │ 
2025-02-13 14:18:04,553 INFO     ___FILE_ONLY___     2.1.12
2025-02-13 14:18:04,553 INFO     ___FILE_ONLY___  
2025-02-13 14:18:04,553 INFO     ___FILE_ONLY___ │ 
2025-02-13 14:18:04,553 INFO     ___FILE_ONLY___  1.8 MiB
2025-02-13 14:18:04,553 INFO     ___FILE_ONLY___  
2025-02-13 14:18:04,554 INFO     ___FILE_ONLY___ │
2025-02-13 14:18:04,554 INFO     ___FILE_ONLY___ 

2025-02-13 14:18:04,554 INFO     ___FILE_ONLY___ │ 
2025-02-13 14:18:04,554 INFO     ___FILE_ONLY___ BigQuery Command Line Tool (Platform Specific)     
2025-02-13 14:18:04,554 INFO     ___FILE_ONLY___  
2025-02-13 14:18:04,554 INFO     ___FILE_ONLY___ │ 
2025-02-13 14:18:04,554 INFO     ___FILE_ONLY___      2.1.8
2025-02-13 14:18:04,554 INFO     ___FILE_ONLY___  
2025-02-13 14:18:04,554 INFO     ___FILE_ONLY___ │ 
2025-02-13 14:18:04,554 INFO     ___FILE_ONLY___  < 1 MiB
2025-02-13 14:18:04,554 INFO     ___FILE_ONLY___  
2025-02-13 14:18:04,554 INFO     ___FILE_ONLY___ │
2025-02-13 14:18:04,554 INFO     ___FILE_ONLY___ 

2025-02-13 14:18:04,554 INFO     ___FILE_ONLY___ │ 
2025-02-13 14:18:04,554 INFO     ___FILE_ONLY___ Bundled Python 3.12 (Platform Specific)            
2025-02-13 14:18:04,554 INFO     ___FILE_ONLY___  
2025-02-13 14:18:04,554 INFO     ___FILE_ONLY___ │ 
2025-02-13 14:18:04,554 INFO     ___FILE_ONLY___     3.12.8
2025-02-13 14:18:04,554 INFO     ___FILE_ONLY___  
2025-02-13 14:18:04,554 INFO     ___FILE_ONLY___ │ 
2025-02-13 14:18:04,554 INFO     ___FILE_ONLY___ 89.2 MiB
2025-02-13 14:18:04,554 INFO     ___FILE_ONLY___  
2025-02-13 14:18:04,555 INFO     ___FILE_ONLY___ │
2025-02-13 14:18:04,555 INFO     ___FILE_ONLY___ 

2025-02-13 14:18:04,555 INFO     ___FILE_ONLY___ │ 
2025-02-13 14:18:04,555 INFO     ___FILE_ONLY___ Cloud Storage Command Line Tool                    
2025-02-13 14:18:04,555 INFO     ___FILE_ONLY___  
2025-02-13 14:18:04,555 INFO     ___FILE_ONLY___ │ 
2025-02-13 14:18:04,555 INFO     ___FILE_ONLY___       5.33
2025-02-13 14:18:04,555 INFO     ___FILE_ONLY___  
2025-02-13 14:18:04,555 INFO     ___FILE_ONLY___ │ 
2025-02-13 14:18:04,555 INFO     ___FILE_ONLY___ 11.8 MiB
2025-02-13 14:18:04,555 INFO     ___FILE_ONLY___  
2025-02-13 14:18:04,555 INFO     ___FILE_ONLY___ │
2025-02-13 14:18:04,555 INFO     ___FILE_ONLY___ 

2025-02-13 14:18:04,555 INFO     ___FILE_ONLY___ │ 
2025-02-13 14:18:04,555 INFO     ___FILE_ONLY___ Cloud Storage Command Line Tool (Platform Specific)
2025-02-13 14:18:04,555 INFO     ___FILE_ONLY___  
2025-02-13 14:18:04,555 INFO     ___FILE_ONLY___ │ 
2025-02-13 14:18:04,555 INFO     ___FILE_ONLY___       5.30
2025-02-13 14:18:04,555 INFO     ___FILE_ONLY___  
2025-02-13 14:18:04,555 INFO     ___FILE_ONLY___ │ 
2025-02-13 14:18:04,555 INFO     ___FILE_ONLY___  < 1 MiB
2025-02-13 14:18:04,556 INFO     ___FILE_ONLY___  
2025-02-13 14:18:04,556 INFO     ___FILE_ONLY___ │
2025-02-13 14:18:04,556 INFO     ___FILE_ONLY___ 

2025-02-13 14:18:04,556 INFO     ___FILE_ONLY___ │ 
2025-02-13 14:18:04,556 INFO     ___FILE_ONLY___ Google Cloud CLI Core Libraries (Platform Specific)
2025-02-13 14:18:04,556 INFO     ___FILE_ONLY___  
2025-02-13 14:18:04,556 INFO     ___FILE_ONLY___ │ 
2025-02-13 14:18:04,556 INFO     ___FILE_ONLY___ 2024.08.30
2025-02-13 14:18:04,556 INFO     ___FILE_ONLY___  
2025-02-13 14:18:04,556 INFO     ___FILE_ONLY___ │ 
2025-02-13 14:18:04,556 INFO     ___FILE_ONLY___  < 1 MiB
2025-02-13 14:18:04,556 INFO     ___FILE_ONLY___  
2025-02-13 14:18:04,556 INFO     ___FILE_ONLY___ │
2025-02-13 14:18:04,556 INFO     ___FILE_ONLY___ 

2025-02-13 14:18:04,556 INFO     ___FILE_ONLY___ │ 
2025-02-13 14:18:04,556 INFO     ___FILE_ONLY___ Google Cloud CRC32C Hash Tool (Platform Specific)  
2025-02-13 14:18:04,556 INFO     ___FILE_ONLY___  
2025-02-13 14:18:04,556 INFO     ___FILE_ONLY___ │ 
2025-02-13 14:18:04,556 INFO     ___FILE_ONLY___      1.0.0
2025-02-13 14:18:04,556 INFO     ___FILE_ONLY___  
2025-02-13 14:18:04,556 INFO     ___FILE_ONLY___ │ 
2025-02-13 14:18:04,556 INFO     ___FILE_ONLY___  1.4 MiB
2025-02-13 14:18:04,557 INFO     ___FILE_ONLY___  
2025-02-13 14:18:04,557 INFO     ___FILE_ONLY___ │
2025-02-13 14:18:04,557 INFO     ___FILE_ONLY___ 

2025-02-13 14:18:04,557 INFO     ___FILE_ONLY___ │ 
2025-02-13 14:18:04,557 INFO     ___FILE_ONLY___ gcloud cli dependencies (Platform Specific)        
2025-02-13 14:18:04,557 INFO     ___FILE_ONLY___  
2025-02-13 14:18:04,557 INFO     ___FILE_ONLY___ │ 
2025-02-13 14:18:04,557 INFO     ___FILE_ONLY___ 2021.04.16
2025-02-13 14:18:04,557 INFO     ___FILE_ONLY___  
2025-02-13 14:18:04,557 INFO     ___FILE_ONLY___ │ 
2025-02-13 14:18:04,557 INFO     ___FILE_ONLY___  < 1 MiB
2025-02-13 14:18:04,557 INFO     ___FILE_ONLY___  
2025-02-13 14:18:04,557 INFO     ___FILE_ONLY___ │
2025-02-13 14:18:04,557 INFO     ___FILE_ONLY___ 

2025-02-13 14:18:04,557 INFO     ___FILE_ONLY___ └─────────────────────────────────────────────────────┴────────────┴──────────┘
2025-02-13 14:18:04,557 INFO     ___FILE_ONLY___ 

2025-02-13 14:18:04,557 INFO     ___FILE_ONLY___ 

2025-02-13 14:18:04,560 DEBUG    urllib3.connectionpool Starting new HTTPS connection (1): dl.google.com:443
2025-02-13 14:18:05,645 DEBUG    urllib3.connectionpool https://dl.google.com:443 "GET /dl/cloudsdk/channels/rapid/RELEASE_NOTES HTTP/11" 200 1354946
2025-02-13 14:18:06,100 INFO     ___FILE_ONLY___ For the latest full release notes, please visit:
  https://cloud.google.com/sdk/release_notes


2025-02-13 14:18:06,101 INFO     ___FILE_ONLY___ Performing in place update...


2025-02-13 14:18:06,103 INFO     ___FILE_ONLY___ ╔════════════════════════════════════════════════════════════╗

2025-02-13 14:18:06,103 INFO     ___FILE_ONLY___ ╠═ Downloading: BigQuery Command Line Tool                  ═╣

2025-02-13 14:18:06,103 INFO     ___FILE_ONLY___ ╚
2025-02-13 14:18:06,106 DEBUG    urllib3.connectionpool Starting new HTTPS connection (1): dl.google.com:443
2025-02-13 14:18:07,191 DEBUG    urllib3.connectionpool https://dl.google.com:443 "GET /dl/cloudsdk/channels/rapid/components/google-cloud-sdk-bq-20250117151628.tar.gz HTTP/11" 200 1853621
2025-02-13 14:18:07,203 INFO     ___FILE_ONLY___ ═
2025-02-13 14:18:07,203 INFO     ___FILE_ONLY___ ═
2025-02-13 14:18:07,203 INFO     ___FILE_ONLY___ ═
2025-02-13 14:18:07,203 INFO     ___FILE_ONLY___ ═
2025-02-13 14:18:07,203 INFO     ___FILE_ONLY___ ═
2025-02-13 14:18:07,203 INFO     ___FILE_ONLY___ ═
2025-02-13 14:18:07,204 INFO     ___FILE_ONLY___ ═
2025-02-13 14:18:07,204 INFO     ___FILE_ONLY___ ═
2025-02-13 14:18:07,204 INFO     ___FILE_ONLY___ ═
2025-02-13 14:18:07,204 INFO     ___FILE_ONLY___ ═
2025-02-13 14:18:07,204 INFO     ___FILE_ONLY___ ═
2025-02-13 14:18:07,204 INFO     ___FILE_ONLY___ ═
2025-02-13 14:18:07,204 INFO     ___FILE_ONLY___ ═
2025-02-13 14:18:07,204 INFO     ___FILE_ONLY___ ═
2025-02-13 14:18:07,204 INFO     ___FILE_ONLY___ ═
2025-02-13 14:18:07,204 INFO     ___FILE_ONLY___ ═
2025-02-13 14:18:07,204 INFO     ___FILE_ONLY___ ═
2025-02-13 14:18:07,204 INFO     ___FILE_ONLY___ ═
2025-02-13 14:18:07,205 INFO     ___FILE_ONLY___ ═
2025-02-13 14:18:07,205 INFO     ___FILE_ONLY___ ═
2025-02-13 14:18:07,205 INFO     ___FILE_ONLY___ ═
2025-02-13 14:18:07,205 INFO     ___FILE_ONLY___ ═
2025-02-13 14:18:07,205 INFO     ___FILE_ONLY___ ═
2025-02-13 14:18:07,205 INFO     ___FILE_ONLY___ ═
2025-02-13 14:18:07,205 INFO     ___FILE_ONLY___ ═
2025-02-13 14:18:07,205 INFO     ___FILE_ONLY___ ═
2025-02-13 14:18:07,205 INFO     ___FILE_ONLY___ ═
2025-02-13 14:18:07,205 INFO     ___FILE_ONLY___ ═
2025-02-13 14:18:07,205 INFO     ___FILE_ONLY___ ═
2025-02-13 14:18:07,206 INFO     ___FILE_ONLY___ ═
2025-02-13 14:18:07,206 INFO     ___FILE_ONLY___ ═
2025-02-13 14:18:07,206 INFO     ___FILE_ONLY___ ═
2025-02-13 14:18:07,206 INFO     ___FILE_ONLY___ ═
2025-02-13 14:18:07,206 INFO     ___FILE_ONLY___ ═
2025-02-13 14:18:07,206 INFO     ___FILE_ONLY___ ═
2025-02-13 14:18:07,206 INFO     ___FILE_ONLY___ ═
2025-02-13 14:18:07,206 INFO     ___FILE_ONLY___ ═
2025-02-13 14:18:07,206 INFO     ___FILE_ONLY___ ═
2025-02-13 14:18:07,206 INFO     ___FILE_ONLY___ ═
2025-02-13 14:18:07,206 INFO     ___FILE_ONLY___ ═
2025-02-13 14:18:07,206 INFO     ___FILE_ONLY___ ═
2025-02-13 14:18:07,206 INFO     ___FILE_ONLY___ ═
2025-02-13 14:18:07,207 INFO     ___FILE_ONLY___ ═
2025-02-13 14:18:07,207 INFO     ___FILE_ONLY___ ═
2025-02-13 14:18:07,207 INFO     ___FILE_ONLY___ ═
2025-02-13 14:18:07,207 INFO     ___FILE_ONLY___ ═
2025-02-13 14:18:07,207 INFO     ___FILE_ONLY___ ═
2025-02-13 14:18:07,207 INFO     ___FILE_ONLY___ ═
2025-02-13 14:18:07,207 INFO     ___FILE_ONLY___ ═
2025-02-13 14:18:07,207 INFO     ___FILE_ONLY___ ═
2025-02-13 14:18:07,207 INFO     ___FILE_ONLY___ ═
2025-02-13 14:18:07,207 INFO     ___FILE_ONLY___ ═
2025-02-13 14:18:07,207 INFO     ___FILE_ONLY___ ═
2025-02-13 14:18:07,207 INFO     ___FILE_ONLY___ ═
2025-02-13 14:18:07,208 INFO     ___FILE_ONLY___ ═
2025-02-13 14:18:07,208 INFO     ___FILE_ONLY___ ═
2025-02-13 14:18:07,208 INFO     ___FILE_ONLY___ ═
2025-02-13 14:18:07,208 INFO     ___FILE_ONLY___ ═
2025-02-13 14:18:07,208 INFO     ___FILE_ONLY___ ═
2025-02-13 14:18:07,208 INFO     ___FILE_ONLY___ ═
2025-02-13 14:18:07,208 INFO     ___FILE_ONLY___ ╝

2025-02-13 14:18:07,210 INFO     ___FILE_ONLY___ ╔════════════════════════════════════════════════════════════╗

2025-02-13 14:18:07,210 INFO     ___FILE_ONLY___ ╠═ Downloading: BigQuery Command Line Tool (Platform Spe... ═╣

2025-02-13 14:18:07,210 INFO     ___FILE_ONLY___ ╚
2025-02-13 14:18:07,213 DEBUG    urllib3.connectionpool Starting new HTTPS connection (1): dl.google.com:443
2025-02-13 14:18:08,298 DEBUG    urllib3.connectionpool https://dl.google.com:443 "GET /dl/cloudsdk/channels/rapid/components/google-cloud-sdk-bq-nix-20240830134514.tar.gz HTTP/11" 200 1914
2025-02-13 14:18:08,299 INFO     ___FILE_ONLY___ ════════════════════════════════════════════════════════════
2025-02-13 14:18:08,299 INFO     ___FILE_ONLY___ ╝

2025-02-13 14:18:08,301 INFO     ___FILE_ONLY___ ╔════════════════════════════════════════════════════════════╗

2025-02-13 14:18:08,301 INFO     ___FILE_ONLY___ ╠═ Downloading: Bundled Python 3.12                         ═╣

2025-02-13 14:18:08,301 INFO     ___FILE_ONLY___ ╚
2025-02-13 14:18:08,301 INFO     ___FILE_ONLY___ ════════════════════════════════════════════════════════════
2025-02-13 14:18:08,301 INFO     ___FILE_ONLY___ ╝

2025-02-13 14:18:08,303 INFO     ___FILE_ONLY___ ╔════════════════════════════════════════════════════════════╗

2025-02-13 14:18:08,303 INFO     ___FILE_ONLY___ ╠═ Downloading: Bundled Python 3.12 (Platform Specific)     ═╣

2025-02-13 14:18:08,303 INFO     ___FILE_ONLY___ ╚
2025-02-13 14:18:08,306 DEBUG    urllib3.connectionpool Starting new HTTPS connection (1): dl.google.com:443
2025-02-13 14:18:09,382 DEBUG    urllib3.connectionpool https://dl.google.com:443 "GET /dl/cloudsdk/channels/rapid/components/google-cloud-sdk-bundled-python3-unix-linux-x86_64-20250131143518.tar.gz HTTP/11" 200 93520256
2025-02-13 14:18:09,697 INFO     ___FILE_ONLY___ ═
2025-02-13 14:18:09,698 INFO     ___FILE_ONLY___ ═
2025-02-13 14:18:09,700 INFO     ___FILE_ONLY___ ═
2025-02-13 14:18:09,702 INFO     ___FILE_ONLY___ ═
2025-02-13 14:18:09,703 INFO     ___FILE_ONLY___ ═
2025-02-13 14:18:09,705 INFO     ___FILE_ONLY___ ═
2025-02-13 14:18:09,707 INFO     ___FILE_ONLY___ ═
2025-02-13 14:18:09,709 INFO     ___FILE_ONLY___ ═
2025-02-13 14:18:09,710 INFO     ___FILE_ONLY___ ═
2025-02-13 14:18:09,712 INFO     ___FILE_ONLY___ ═
2025-02-13 14:18:09,714 INFO     ___FILE_ONLY___ ═
2025-02-13 14:18:09,715 INFO     ___FILE_ONLY___ ═
2025-02-13 14:18:09,717 INFO     ___FILE_ONLY___ ═
2025-02-13 14:18:09,719 INFO     ___FILE_ONLY___ ═
2025-02-13 14:18:09,720 INFO     ___FILE_ONLY___ ═
2025-02-13 14:18:09,722 INFO     ___FILE_ONLY___ ═
2025-02-13 14:18:09,724 INFO     ___FILE_ONLY___ ═
2025-02-13 14:18:09,725 INFO     ___FILE_ONLY___ ═
2025-02-13 14:18:09,727 INFO     ___FILE_ONLY___ ═
2025-02-13 14:18:09,728 INFO     ___FILE_ONLY___ ═
2025-02-13 14:18:09,730 INFO     ___FILE_ONLY___ ═
2025-02-13 14:18:09,732 INFO     ___FILE_ONLY___ ═
2025-02-13 14:18:09,733 INFO     ___FILE_ONLY___ ═
2025-02-13 14:18:09,735 INFO     ___FILE_ONLY___ ═
2025-02-13 14:18:09,737 INFO     ___FILE_ONLY___ ═
2025-02-13 14:18:09,738 INFO     ___FILE_ONLY___ ═
2025-02-13 14:18:09,740 INFO     ___FILE_ONLY___ ═
2025-02-13 14:18:09,741 INFO     ___FILE_ONLY___ ═
2025-02-13 14:18:09,743 INFO     ___FILE_ONLY___ ═
2025-02-13 14:18:09,745 INFO     ___FILE_ONLY___ ═
2025-02-13 14:18:09,746 INFO     ___FILE_ONLY___ ═
2025-02-13 14:18:09,748 INFO     ___FILE_ONLY___ ═
2025-02-13 14:18:09,750 INFO     ___FILE_ONLY___ ═
2025-02-13 14:18:09,751 INFO     ___FILE_ONLY___ ═
2025-02-13 14:18:09,753 INFO     ___FILE_ONLY___ ═
2025-02-13 14:18:09,754 INFO     ___FILE_ONLY___ ═
2025-02-13 14:18:09,756 INFO     ___FILE_ONLY___ ═
2025-02-13 14:18:09,758 INFO     ___FILE_ONLY___ ═
2025-02-13 14:18:09,759 INFO     ___FILE_ONLY___ ═
2025-02-13 14:18:09,761 INFO     ___FILE_ONLY___ ═
2025-02-13 14:18:09,763 INFO     ___FILE_ONLY___ ═
2025-02-13 14:18:09,764 INFO     ___FILE_ONLY___ ═
2025-02-13 14:18:09,766 INFO     ___FILE_ONLY___ ═
2025-02-13 14:18:09,767 INFO     ___FILE_ONLY___ ═
2025-02-13 14:18:09,769 INFO     ___FILE_ONLY___ ═
2025-02-13 14:18:09,771 INFO     ___FILE_ONLY___ ═
2025-02-13 14:18:09,772 INFO     ___FILE_ONLY___ ═
2025-02-13 14:18:09,774 INFO     ___FILE_ONLY___ ═
2025-02-13 14:18:09,775 INFO     ___FILE_ONLY___ ═
2025-02-13 14:18:09,777 INFO     ___FILE_ONLY___ ═
2025-02-13 14:18:09,779 INFO     ___FILE_ONLY___ ═
2025-02-13 14:18:09,780 INFO     ___FILE_ONLY___ ═
2025-02-13 14:18:09,782 INFO     ___FILE_ONLY___ ═
2025-02-13 14:18:09,784 INFO     ___FILE_ONLY___ ═
2025-02-13 14:18:09,785 INFO     ___FILE_ONLY___ ═
2025-02-13 14:18:09,787 INFO     ___FILE_ONLY___ ═
2025-02-13 14:18:09,788 INFO     ___FILE_ONLY___ ═
2025-02-13 14:18:09,790 INFO     ___FILE_ONLY___ ═
2025-02-13 14:18:09,792 INFO     ___FILE_ONLY___ ═
2025-02-13 14:18:09,793 INFO     ___FILE_ONLY___ ═
2025-02-13 14:18:09,793 INFO     ___FILE_ONLY___ ╝

2025-02-13 14:18:09,796 INFO     ___FILE_ONLY___ ╔════════════════════════════════════════════════════════════╗

2025-02-13 14:18:09,796 INFO     ___FILE_ONLY___ ╠═ Downloading: Cloud Storage Command Line Tool             ═╣

2025-02-13 14:18:09,796 INFO     ___FILE_ONLY___ ╚
2025-02-13 14:18:09,799 DEBUG    urllib3.connectionpool Starting new HTTPS connection (1): dl.google.com:443
2025-02-13 14:18:10,902 DEBUG    urllib3.connectionpool https://dl.google.com:443 "GET /dl/cloudsdk/channels/rapid/components/google-cloud-sdk-gsutil-20241213184646.tar.gz HTTP/11" 200 12368759
2025-02-13 14:18:10,946 INFO     ___FILE_ONLY___ ═
2025-02-13 14:18:10,946 INFO     ___FILE_ONLY___ ═
2025-02-13 14:18:10,947 INFO     ___FILE_ONLY___ ═
2025-02-13 14:18:10,947 INFO     ___FILE_ONLY___ ═
2025-02-13 14:18:10,947 INFO     ___FILE_ONLY___ ═
2025-02-13 14:18:10,947 INFO     ___FILE_ONLY___ ═
2025-02-13 14:18:10,948 INFO     ___FILE_ONLY___ ═
2025-02-13 14:18:10,948 INFO     ___FILE_ONLY___ ═
2025-02-13 14:18:10,948 INFO     ___FILE_ONLY___ ═
2025-02-13 14:18:10,948 INFO     ___FILE_ONLY___ ═
2025-02-13 14:18:10,949 INFO     ___FILE_ONLY___ ═
2025-02-13 14:18:10,949 INFO     ___FILE_ONLY___ ═
2025-02-13 14:18:10,949 INFO     ___FILE_ONLY___ ═
2025-02-13 14:18:10,949 INFO     ___FILE_ONLY___ ═
2025-02-13 14:18:10,950 INFO     ___FILE_ONLY___ ═
2025-02-13 14:18:10,950 INFO     ___FILE_ONLY___ ═
2025-02-13 14:18:10,950 INFO     ___FILE_ONLY___ ═
2025-02-13 14:18:10,950 INFO     ___FILE_ONLY___ ═
2025-02-13 14:18:10,951 INFO     ___FILE_ONLY___ ═
2025-02-13 14:18:10,951 INFO     ___FILE_ONLY___ ═
2025-02-13 14:18:10,951 INFO     ___FILE_ONLY___ ═
2025-02-13 14:18:10,951 INFO     ___FILE_ONLY___ ═
2025-02-13 14:18:10,952 INFO     ___FILE_ONLY___ ═
2025-02-13 14:18:10,952 INFO     ___FILE_ONLY___ ═
2025-02-13 14:18:10,952 INFO     ___FILE_ONLY___ ═
2025-02-13 14:18:10,952 INFO     ___FILE_ONLY___ ═
2025-02-13 14:18:10,953 INFO     ___FILE_ONLY___ ═
2025-02-13 14:18:10,953 INFO     ___FILE_ONLY___ ═
2025-02-13 14:18:10,953 INFO     ___FILE_ONLY___ ═
2025-02-13 14:18:10,954 INFO     ___FILE_ONLY___ ═
2025-02-13 14:18:10,954 INFO     ___FILE_ONLY___ ═
2025-02-13 14:18:10,954 INFO     ___FILE_ONLY___ ═
2025-02-13 14:18:10,954 INFO     ___FILE_ONLY___ ═
2025-02-13 14:18:10,955 INFO     ___FILE_ONLY___ ═
2025-02-13 14:18:10,955 INFO     ___FILE_ONLY___ ═
2025-02-13 14:18:10,955 INFO     ___FILE_ONLY___ ═
2025-02-13 14:18:10,955 INFO     ___FILE_ONLY___ ═
2025-02-13 14:18:10,956 INFO     ___FILE_ONLY___ ═
2025-02-13 14:18:10,956 INFO     ___FILE_ONLY___ ═
2025-02-13 14:18:10,956 INFO     ___FILE_ONLY___ ═
2025-02-13 14:18:10,956 INFO     ___FILE_ONLY___ ═
2025-02-13 14:18:10,957 INFO     ___FILE_ONLY___ ═
2025-02-13 14:18:10,957 INFO     ___FILE_ONLY___ ═
2025-02-13 14:18:10,957 INFO     ___FILE_ONLY___ ═
2025-02-13 14:18:10,957 INFO     ___FILE_ONLY___ ═
2025-02-13 14:18:10,958 INFO     ___FILE_ONLY___ ═
2025-02-13 14:18:10,958 INFO     ___FILE_ONLY___ ═
2025-02-13 14:18:10,958 INFO     ___FILE_ONLY___ ═
2025-02-13 14:18:10,958 INFO     ___FILE_ONLY___ ═
2025-02-13 14:18:10,959 INFO     ___FILE_ONLY___ ═
2025-02-13 14:18:10,959 INFO     ___FILE_ONLY___ ═
2025-02-13 14:18:10,959 INFO     ___FILE_ONLY___ ═
2025-02-13 14:18:10,959 INFO     ___FILE_ONLY___ ═
2025-02-13 14:18:10,960 INFO     ___FILE_ONLY___ ═
2025-02-13 14:18:10,960 INFO     ___FILE_ONLY___ ═
2025-02-13 14:18:10,960 INFO     ___FILE_ONLY___ ═
2025-02-13 14:18:10,961 INFO     ___FILE_ONLY___ ═
2025-02-13 14:18:10,961 INFO     ___FILE_ONLY___ ═
2025-02-13 14:18:10,961 INFO     ___FILE_ONLY___ ═
2025-02-13 14:18:10,961 INFO     ___FILE_ONLY___ ═
2025-02-13 14:18:10,961 INFO     ___FILE_ONLY___ ╝

2025-02-13 14:18:10,963 INFO     ___FILE_ONLY___ ╔════════════════════════════════════════════════════════════╗

2025-02-13 14:18:10,964 INFO     ___FILE_ONLY___ ╠═ Downloading: Cloud Storage Command Line Tool (Platfor... ═╣

2025-02-13 14:18:10,964 INFO     ___FILE_ONLY___ ╚
2025-02-13 14:18:10,967 DEBUG    urllib3.connectionpool Starting new HTTPS connection (1): dl.google.com:443
2025-02-13 14:18:12,127 DEBUG    urllib3.connectionpool https://dl.google.com:443 "GET /dl/cloudsdk/channels/rapid/components/google-cloud-sdk-gsutil-nix-20240830134514.tar.gz HTTP/11" 200 1928
2025-02-13 14:18:12,127 INFO     ___FILE_ONLY___ ════════════════════════════════════════════════════════════
2025-02-13 14:18:12,127 INFO     ___FILE_ONLY___ ╝

2025-02-13 14:18:12,129 INFO     ___FILE_ONLY___ ╔════════════════════════════════════════════════════════════╗

2025-02-13 14:18:12,129 INFO     ___FILE_ONLY___ ╠═ Downloading: Default set of gcloud commands              ═╣

2025-02-13 14:18:12,130 INFO     ___FILE_ONLY___ ╚
2025-02-13 14:18:12,130 INFO     ___FILE_ONLY___ ════════════════════════════════════════════════════════════
2025-02-13 14:18:12,130 INFO     ___FILE_ONLY___ ╝

2025-02-13 14:18:12,131 INFO     ___FILE_ONLY___ ╔════════════════════════════════════════════════════════════╗

2025-02-13 14:18:12,131 INFO     ___FILE_ONLY___ ╠═ Downloading: Google Cloud CLI Core Libraries (Platfor... ═╣

2025-02-13 14:18:12,131 INFO     ___FILE_ONLY___ ╚
2025-02-13 14:18:12,135 DEBUG    urllib3.connectionpool Starting new HTTPS connection (1): dl.google.com:443
2025-02-13 14:18:13,153 DEBUG    urllib3.connectionpool https://dl.google.com:443 "GET /dl/cloudsdk/channels/rapid/components/google-cloud-sdk-core-nix-20240830134514.tar.gz HTTP/11" 200 2306
2025-02-13 14:18:13,154 INFO     ___FILE_ONLY___ ════════════════════════════════════════════════════════════
2025-02-13 14:18:13,154 INFO     ___FILE_ONLY___ ╝

2025-02-13 14:18:13,156 INFO     ___FILE_ONLY___ ╔════════════════════════════════════════════════════════════╗

2025-02-13 14:18:13,157 INFO     ___FILE_ONLY___ ╠═ Downloading: Google Cloud CRC32C Hash Tool               ═╣

2025-02-13 14:18:13,157 INFO     ___FILE_ONLY___ ╚
2025-02-13 14:18:13,157 INFO     ___FILE_ONLY___ ════════════════════════════════════════════════════════════
2025-02-13 14:18:13,157 INFO     ___FILE_ONLY___ ╝

2025-02-13 14:18:13,159 INFO     ___FILE_ONLY___ ╔════════════════════════════════════════════════════════════╗

2025-02-13 14:18:13,159 INFO     ___FILE_ONLY___ ╠═ Downloading: Google Cloud CRC32C Hash Tool (Platform ... ═╣

2025-02-13 14:18:13,159 INFO     ___FILE_ONLY___ ╚
2025-02-13 14:18:13,163 DEBUG    urllib3.connectionpool Starting new HTTPS connection (1): dl.google.com:443
2025-02-13 14:18:14,264 DEBUG    urllib3.connectionpool https://dl.google.com:443 "GET /dl/cloudsdk/channels/rapid/components/google-cloud-sdk-gcloud-crc32c-linux-x86_64-20250110133808.tar.gz HTTP/11" 200 1478989
2025-02-13 14:18:14,274 INFO     ___FILE_ONLY___ ═
2025-02-13 14:18:14,275 INFO     ___FILE_ONLY___ ═
2025-02-13 14:18:14,275 INFO     ___FILE_ONLY___ ═
2025-02-13 14:18:14,275 INFO     ___FILE_ONLY___ ═
2025-02-13 14:18:14,275 INFO     ___FILE_ONLY___ ═
2025-02-13 14:18:14,275 INFO     ___FILE_ONLY___ ═
2025-02-13 14:18:14,275 INFO     ___FILE_ONLY___ ═
2025-02-13 14:18:14,275 INFO     ___FILE_ONLY___ ═
2025-02-13 14:18:14,275 INFO     ___FILE_ONLY___ ═
2025-02-13 14:18:14,275 INFO     ___FILE_ONLY___ ═
2025-02-13 14:18:14,275 INFO     ___FILE_ONLY___ ═
2025-02-13 14:18:14,275 INFO     ___FILE_ONLY___ ═
2025-02-13 14:18:14,276 INFO     ___FILE_ONLY___ ═
2025-02-13 14:18:14,276 INFO     ___FILE_ONLY___ ═
2025-02-13 14:18:14,276 INFO     ___FILE_ONLY___ ═
2025-02-13 14:18:14,276 INFO     ___FILE_ONLY___ ═
2025-02-13 14:18:14,276 INFO     ___FILE_ONLY___ ═
2025-02-13 14:18:14,276 INFO     ___FILE_ONLY___ ═
2025-02-13 14:18:14,276 INFO     ___FILE_ONLY___ ═
2025-02-13 14:18:14,276 INFO     ___FILE_ONLY___ ═
2025-02-13 14:18:14,276 INFO     ___FILE_ONLY___ ═
2025-02-13 14:18:14,276 INFO     ___FILE_ONLY___ ═
2025-02-13 14:18:14,276 INFO     ___FILE_ONLY___ ═
2025-02-13 14:18:14,276 INFO     ___FILE_ONLY___ ═
2025-02-13 14:18:14,276 INFO     ___FILE_ONLY___ ═
2025-02-13 14:18:14,277 INFO     ___FILE_ONLY___ ═
2025-02-13 14:18:14,277 INFO     ___FILE_ONLY___ ═
2025-02-13 14:18:14,277 INFO     ___FILE_ONLY___ ═
2025-02-13 14:18:14,277 INFO     ___FILE_ONLY___ ═
2025-02-13 14:18:14,277 INFO     ___FILE_ONLY___ ═
2025-02-13 14:18:14,277 INFO     ___FILE_ONLY___ ═
2025-02-13 14:18:14,277 INFO     ___FILE_ONLY___ ═
2025-02-13 14:18:14,277 INFO     ___FILE_ONLY___ ═
2025-02-13 14:18:14,277 INFO     ___FILE_ONLY___ ═
2025-02-13 14:18:14,277 INFO     ___FILE_ONLY___ ═
2025-02-13 14:18:14,277 INFO     ___FILE_ONLY___ ═
2025-02-13 14:18:14,277 INFO     ___FILE_ONLY___ ═
2025-02-13 14:18:14,277 INFO     ___FILE_ONLY___ ═
2025-02-13 14:18:14,278 INFO     ___FILE_ONLY___ ═
2025-02-13 14:18:14,278 INFO     ___FILE_ONLY___ ═
2025-02-13 14:18:14,278 INFO     ___FILE_ONLY___ ═
2025-02-13 14:18:14,278 INFO     ___FILE_ONLY___ ═
2025-02-13 14:18:14,278 INFO     ___FILE_ONLY___ ═
2025-02-13 14:18:14,278 INFO     ___FILE_ONLY___ ═
2025-02-13 14:18:14,278 INFO     ___FILE_ONLY___ ═
2025-02-13 14:18:14,278 INFO     ___FILE_ONLY___ ═
2025-02-13 14:18:14,278 INFO     ___FILE_ONLY___ ═
2025-02-13 14:18:14,278 INFO     ___FILE_ONLY___ ═
2025-02-13 14:18:14,278 INFO     ___FILE_ONLY___ ═
2025-02-13 14:18:14,278 INFO     ___FILE_ONLY___ ═
2025-02-13 14:18:14,279 INFO     ___FILE_ONLY___ ═
2025-02-13 14:18:14,279 INFO     ___FILE_ONLY___ ═
2025-02-13 14:18:14,279 INFO     ___FILE_ONLY___ ═
2025-02-13 14:18:14,279 INFO     ___FILE_ONLY___ ═
2025-02-13 14:18:14,279 INFO     ___FILE_ONLY___ ═
2025-02-13 14:18:14,279 INFO     ___FILE_ONLY___ ═
2025-02-13 14:18:14,279 INFO     ___FILE_ONLY___ ═
2025-02-13 14:18:14,279 INFO     ___FILE_ONLY___ ═
2025-02-13 14:18:14,279 INFO     ___FILE_ONLY___ ═
2025-02-13 14:18:14,279 INFO     ___FILE_ONLY___ ═
2025-02-13 14:18:14,279 INFO     ___FILE_ONLY___ ╝

2025-02-13 14:18:14,281 INFO     ___FILE_ONLY___ ╔════════════════════════════════════════════════════════════╗

2025-02-13 14:18:14,281 INFO     ___FILE_ONLY___ ╠═ Downloading: gcloud cli dependencies (Platform Specific) ═╣

2025-02-13 14:18:14,281 INFO     ___FILE_ONLY___ ╚
2025-02-13 14:18:14,285 DEBUG    urllib3.connectionpool Starting new HTTPS connection (1): dl.google.com:443
2025-02-13 14:18:15,401 DEBUG    urllib3.connectionpool https://dl.google.com:443 "GET /dl/cloudsdk/channels/rapid/components/google-cloud-sdk-gcloud-deps-linux-x86_64-20210416153011.tar.gz HTTP/11" 200 104
2025-02-13 14:18:15,402 INFO     ___FILE_ONLY___ ════════════════════════════════════════════════════════════
2025-02-13 14:18:15,402 INFO     ___FILE_ONLY___ ╝

2025-02-13 14:18:15,404 INFO     ___FILE_ONLY___ ╔════════════════════════════════════════════════════════════╗

2025-02-13 14:18:15,404 INFO     ___FILE_ONLY___ ╠═ Installing: BigQuery Command Line Tool                   ═╣

2025-02-13 14:18:15,404 INFO     ___FILE_ONLY___ ╚
2025-02-13 14:18:15,502 INFO     ___FILE_ONLY___ ═
2025-02-13 14:18:15,504 INFO     ___FILE_ONLY___ ═
2025-02-13 14:18:15,507 INFO     ___FILE_ONLY___ ═
2025-02-13 14:18:15,509 INFO     ___FILE_ONLY___ ═
2025-02-13 14:18:15,511 INFO     ___FILE_ONLY___ ═
2025-02-13 14:18:15,514 INFO     ___FILE_ONLY___ ═
2025-02-13 14:18:15,515 INFO     ___FILE_ONLY___ ═
2025-02-13 14:18:15,518 INFO     ___FILE_ONLY___ ═
2025-02-13 14:18:15,520 INFO     ___FILE_ONLY___ ═
2025-02-13 14:18:15,522 INFO     ___FILE_ONLY___ ═
2025-02-13 14:18:15,524 INFO     ___FILE_ONLY___ ═
2025-02-13 14:18:15,526 INFO     ___FILE_ONLY___ ═
2025-02-13 14:18:15,527 INFO     ___FILE_ONLY___ ═
2025-02-13 14:18:15,530 INFO     ___FILE_ONLY___ ═
2025-02-13 14:18:15,532 INFO     ___FILE_ONLY___ ═
2025-02-13 14:18:15,534 INFO     ___FILE_ONLY___ ═
2025-02-13 14:18:15,536 INFO     ___FILE_ONLY___ ═
2025-02-13 14:18:15,539 INFO     ___FILE_ONLY___ ═
2025-02-13 14:18:15,541 INFO     ___FILE_ONLY___ ═
2025-02-13 14:18:15,544 INFO     ___FILE_ONLY___ ═
2025-02-13 14:18:15,547 INFO     ___FILE_ONLY___ ═
2025-02-13 14:18:15,550 INFO     ___FILE_ONLY___ ═
2025-02-13 14:18:15,552 INFO     ___FILE_ONLY___ ═
2025-02-13 14:18:15,555 INFO     ___FILE_ONLY___ ═
2025-02-13 14:18:15,558 INFO     ___FILE_ONLY___ ═
2025-02-13 14:18:15,560 INFO     ___FILE_ONLY___ ═
2025-02-13 14:18:15,563 INFO     ___FILE_ONLY___ ═
2025-02-13 14:18:15,566 INFO     ___FILE_ONLY___ ═
2025-02-13 14:18:15,570 INFO     ___FILE_ONLY___ ═
2025-02-13 14:18:15,573 INFO     ___FILE_ONLY___ ═
2025-02-13 14:18:15,575 INFO     ___FILE_ONLY___ ═
2025-02-13 14:18:15,578 INFO     ___FILE_ONLY___ ═
2025-02-13 14:18:15,582 INFO     ___FILE_ONLY___ ═
2025-02-13 14:18:15,587 INFO     ___FILE_ONLY___ ═
2025-02-13 14:18:15,599 INFO     ___FILE_ONLY___ ═
2025-02-13 14:18:15,600 INFO     ___FILE_ONLY___ ═
2025-02-13 14:18:15,603 INFO     ___FILE_ONLY___ ═
2025-02-13 14:18:15,609 INFO     ___FILE_ONLY___ ═
2025-02-13 14:18:15,612 INFO     ___FILE_ONLY___ ═
2025-02-13 14:18:15,615 INFO     ___FILE_ONLY___ ═
2025-02-13 14:18:15,618 INFO     ___FILE_ONLY___ ═
2025-02-13 14:18:15,621 INFO     ___FILE_ONLY___ ═
2025-02-13 14:18:15,625 INFO     ___FILE_ONLY___ ═
2025-02-13 14:18:15,629 INFO     ___FILE_ONLY___ ═
2025-02-13 14:18:15,631 INFO     ___FILE_ONLY___ ═
2025-02-13 14:18:15,634 INFO     ___FILE_ONLY___ ═
2025-02-13 14:18:15,636 INFO     ___FILE_ONLY___ ═
2025-02-13 14:18:15,639 INFO     ___FILE_ONLY___ ═
2025-02-13 14:18:15,641 INFO     ___FILE_ONLY___ ═
2025-02-13 14:18:15,645 INFO     ___FILE_ONLY___ ═
2025-02-13 14:18:15,647 INFO     ___FILE_ONLY___ ═
2025-02-13 14:18:15,649 INFO     ___FILE_ONLY___ ═
2025-02-13 14:18:15,652 INFO     ___FILE_ONLY___ ═
2025-02-13 14:18:15,655 INFO     ___FILE_ONLY___ ═
2025-02-13 14:18:15,659 INFO     ___FILE_ONLY___ ═
2025-02-13 14:18:15,661 INFO     ___FILE_ONLY___ ═
2025-02-13 14:18:15,664 INFO     ___FILE_ONLY___ ═
2025-02-13 14:18:15,667 INFO     ___FILE_ONLY___ ═
2025-02-13 14:18:15,670 INFO     ___FILE_ONLY___ ═
2025-02-13 14:18:15,672 INFO     ___FILE_ONLY___ ═
2025-02-13 14:18:15,672 INFO     ___FILE_ONLY___ ╝

2025-02-13 14:18:15,682 INFO     ___FILE_ONLY___ ╔════════════════════════════════════════════════════════════╗

2025-02-13 14:18:15,682 INFO     ___FILE_ONLY___ ╠═ Installing: BigQuery Command Line Tool (Platform Spec... ═╣

2025-02-13 14:18:15,682 INFO     ___FILE_ONLY___ ╚
2025-02-13 14:18:15,683 INFO     ___FILE_ONLY___ ════════════════════════════════════════════════════════════
2025-02-13 14:18:15,683 INFO     ___FILE_ONLY___ ╝

2025-02-13 14:18:15,688 INFO     ___FILE_ONLY___ ╔════════════════════════════════════════════════════════════╗

2025-02-13 14:18:15,688 INFO     ___FILE_ONLY___ ╠═ Installing: Bundled Python 3.12                          ═╣

2025-02-13 14:18:15,688 INFO     ___FILE_ONLY___ ╚
2025-02-13 14:18:15,691 INFO     ___FILE_ONLY___ ════════════════════════════════════════════════════════════
2025-02-13 14:18:15,691 INFO     ___FILE_ONLY___ ╝

2025-02-13 14:18:15,692 INFO     ___FILE_ONLY___ ╔════════════════════════════════════════════════════════════╗

2025-02-13 14:18:15,692 INFO     ___FILE_ONLY___ ╠═ Installing: Bundled Python 3.12 (Platform Specific)      ═╣

2025-02-13 14:18:15,692 INFO     ___FILE_ONLY___ ╚
2025-02-13 14:18:19,010 INFO     ___FILE_ONLY___ ═
2025-02-13 14:18:19,486 INFO     ___FILE_ONLY___ ═
2025-02-13 14:18:19,506 INFO     ___FILE_ONLY___ ═
2025-02-13 14:18:19,541 INFO     ___FILE_ONLY___ ═
2025-02-13 14:18:19,562 INFO     ___FILE_ONLY___ ═
2025-02-13 14:18:19,576 INFO     ___FILE_ONLY___ ═
2025-02-13 14:18:19,605 INFO     ___FILE_ONLY___ ═
2025-02-13 14:18:19,624 INFO     ___FILE_ONLY___ ═
2025-02-13 14:18:19,643 INFO     ___FILE_ONLY___ ═
2025-02-13 14:18:19,660 INFO     ___FILE_ONLY___ ═
2025-02-13 14:18:19,678 INFO     ___FILE_ONLY___ ═
2025-02-13 14:18:19,706 INFO     ___FILE_ONLY___ ═
2025-02-13 14:18:19,853 INFO     ___FILE_ONLY___ ═
2025-02-13 14:18:19,872 INFO     ___FILE_ONLY___ ═
2025-02-13 14:18:19,890 INFO     ___FILE_ONLY___ ═
2025-02-13 14:18:19,907 INFO     ___FILE_ONLY___ ═
2025-02-13 14:18:19,921 INFO     ___FILE_ONLY___ ═
2025-02-13 14:18:19,937 INFO     ___FILE_ONLY___ ═
2025-02-13 14:18:19,954 INFO     ___FILE_ONLY___ ═
2025-02-13 14:18:19,974 INFO     ___FILE_ONLY___ ═
2025-02-13 14:18:19,989 INFO     ___FILE_ONLY___ ═
2025-02-13 14:18:20,082 INFO     ___FILE_ONLY___ ═
2025-02-13 14:18:20,103 INFO     ___FILE_ONLY___ ═
2025-02-13 14:18:20,588 INFO     ___FILE_ONLY___ ═
2025-02-13 14:18:20,604 INFO     ___FILE_ONLY___ ═
2025-02-13 14:18:20,618 INFO     ___FILE_ONLY___ ═
2025-02-13 14:18:20,630 INFO     ___FILE_ONLY___ ═
2025-02-13 14:18:20,641 INFO     ___FILE_ONLY___ ═
2025-02-13 14:18:20,653 INFO     ___FILE_ONLY___ ═
2025-02-13 14:18:20,664 INFO     ___FILE_ONLY___ ═
2025-02-13 14:18:20,676 INFO     ___FILE_ONLY___ ═
2025-02-13 14:18:20,687 INFO     ___FILE_ONLY___ ═
2025-02-13 14:18:20,698 INFO     ___FILE_ONLY___ ═
2025-02-13 14:18:20,710 INFO     ___FILE_ONLY___ ═
2025-02-13 14:18:20,721 INFO     ___FILE_ONLY___ ═
2025-02-13 14:18:20,733 INFO     ___FILE_ONLY___ ═
2025-02-13 14:18:20,745 INFO     ___FILE_ONLY___ ═
2025-02-13 14:18:20,757 INFO     ___FILE_ONLY___ ═
2025-02-13 14:18:20,768 INFO     ___FILE_ONLY___ ═
2025-02-13 14:18:20,780 INFO     ___FILE_ONLY___ ═
2025-02-13 14:18:20,791 INFO     ___FILE_ONLY___ ═
2025-02-13 14:18:20,803 INFO     ___FILE_ONLY___ ═
2025-02-13 14:18:20,815 INFO     ___FILE_ONLY___ ═
2025-02-13 14:18:20,826 INFO     ___FILE_ONLY___ ═
2025-02-13 14:18:20,838 INFO     ___FILE_ONLY___ ═
2025-02-13 14:18:20,850 INFO     ___FILE_ONLY___ ═
2025-02-13 14:18:20,861 INFO     ___FILE_ONLY___ ═
2025-02-13 14:18:20,873 INFO     ___FILE_ONLY___ ═
2025-02-13 14:18:20,884 INFO     ___FILE_ONLY___ ═
2025-02-13 14:18:20,896 INFO     ___FILE_ONLY___ ═
2025-02-13 14:18:20,907 INFO     ___FILE_ONLY___ ═
2025-02-13 14:18:20,918 INFO     ___FILE_ONLY___ ═
2025-02-13 14:18:20,930 INFO     ___FILE_ONLY___ ═
2025-02-13 14:18:20,941 INFO     ___FILE_ONLY___ ═
2025-02-13 14:18:20,953 INFO     ___FILE_ONLY___ ═
2025-02-13 14:18:20,964 INFO     ___FILE_ONLY___ ═
2025-02-13 14:18:20,976 INFO     ___FILE_ONLY___ ═
2025-02-13 14:18:20,987 INFO     ___FILE_ONLY___ ═
2025-02-13 14:18:20,999 INFO     ___FILE_ONLY___ ═
2025-02-13 14:18:21,011 INFO     ___FILE_ONLY___ ═
2025-02-13 14:18:21,011 INFO     ___FILE_ONLY___ ╝

2025-02-13 14:18:21,063 INFO     ___FILE_ONLY___ ╔════════════════════════════════════════════════════════════╗

2025-02-13 14:18:21,064 INFO     ___FILE_ONLY___ ╠═ Installing: Cloud Storage Command Line Tool              ═╣

2025-02-13 14:18:21,064 INFO     ___FILE_ONLY___ ╚
2025-02-13 14:18:21,588 INFO     ___FILE_ONLY___ ═
2025-02-13 14:18:21,604 INFO     ___FILE_ONLY___ ═
2025-02-13 14:18:21,623 INFO     ___FILE_ONLY___ ═
2025-02-13 14:18:21,638 INFO     ___FILE_ONLY___ ═
2025-02-13 14:18:21,652 INFO     ___FILE_ONLY___ ═
2025-02-13 14:18:21,664 INFO     ___FILE_ONLY___ ═
2025-02-13 14:18:21,677 INFO     ___FILE_ONLY___ ═
2025-02-13 14:18:21,689 INFO     ___FILE_ONLY___ ═
2025-02-13 14:18:21,703 INFO     ___FILE_ONLY___ ═
2025-02-13 14:18:21,715 INFO     ___FILE_ONLY___ ═
2025-02-13 14:18:21,727 INFO     ___FILE_ONLY___ ═
2025-02-13 14:18:21,738 INFO     ___FILE_ONLY___ ═
2025-02-13 14:18:21,747 INFO     ___FILE_ONLY___ ═
2025-02-13 14:18:21,756 INFO     ___FILE_ONLY___ ═
2025-02-13 14:18:21,766 INFO     ___FILE_ONLY___ ═
2025-02-13 14:18:21,775 INFO     ___FILE_ONLY___ ═
2025-02-13 14:18:21,786 INFO     ___FILE_ONLY___ ═
2025-02-13 14:18:21,795 INFO     ___FILE_ONLY___ ═
2025-02-13 14:18:21,806 INFO     ___FILE_ONLY___ ═
2025-02-13 14:18:21,816 INFO     ___FILE_ONLY___ ═
2025-02-13 14:18:21,827 INFO     ___FILE_ONLY___ ═
2025-02-13 14:18:21,841 INFO     ___FILE_ONLY___ ═
2025-02-13 14:18:21,855 INFO     ___FILE_ONLY___ ═
2025-02-13 14:18:21,864 INFO     ___FILE_ONLY___ ═
2025-02-13 14:18:21,876 INFO     ___FILE_ONLY___ ═
2025-02-13 14:18:21,890 INFO     ___FILE_ONLY___ ═
2025-02-13 14:18:21,907 INFO     ___FILE_ONLY___ ═
2025-02-13 14:18:21,925 INFO     ___FILE_ONLY___ ═
2025-02-13 14:18:21,940 INFO     ___FILE_ONLY___ ═
2025-02-13 14:18:21,959 INFO     ___FILE_ONLY___ ═
2025-02-13 14:18:21,969 INFO     ___FILE_ONLY___ ═
2025-02-13 14:18:21,980 INFO     ___FILE_ONLY___ ═
2025-02-13 14:18:21,997 INFO     ___FILE_ONLY___ ═
2025-02-13 14:18:22,009 INFO     ___FILE_ONLY___ ═
2025-02-13 14:18:22,019 INFO     ___FILE_ONLY___ ═
2025-02-13 14:18:22,029 INFO     ___FILE_ONLY___ ═
2025-02-13 14:18:22,039 INFO     ___FILE_ONLY___ ═
2025-02-13 14:18:22,050 INFO     ___FILE_ONLY___ ═
2025-02-13 14:18:22,063 INFO     ___FILE_ONLY___ ═
2025-02-13 14:18:22,074 INFO     ___FILE_ONLY___ ═
2025-02-13 14:18:22,083 INFO     ___FILE_ONLY___ ═
2025-02-13 14:18:22,095 INFO     ___FILE_ONLY___ ═
2025-02-13 14:18:22,104 INFO     ___FILE_ONLY___ ═
2025-02-13 14:18:22,117 INFO     ___FILE_ONLY___ ═
2025-02-13 14:18:22,132 INFO     ___FILE_ONLY___ ═
2025-02-13 14:18:22,143 INFO     ___FILE_ONLY___ ═
2025-02-13 14:18:22,151 INFO     ___FILE_ONLY___ ═
2025-02-13 14:18:22,161 INFO     ___FILE_ONLY___ ═
2025-02-13 14:18:22,172 INFO     ___FILE_ONLY___ ═
2025-02-13 14:18:22,184 INFO     ___FILE_ONLY___ ═
2025-02-13 14:18:22,201 INFO     ___FILE_ONLY___ ═
2025-02-13 14:18:22,212 INFO     ___FILE_ONLY___ ═
2025-02-13 14:18:22,227 INFO     ___FILE_ONLY___ ═
2025-02-13 14:18:22,239 INFO     ___FILE_ONLY___ ═
2025-02-13 14:18:22,273 INFO     ___FILE_ONLY___ ═
2025-02-13 14:18:22,283 INFO     ___FILE_ONLY___ ═
2025-02-13 14:18:22,292 INFO     ___FILE_ONLY___ ═
2025-02-13 14:18:22,302 INFO     ___FILE_ONLY___ ═
2025-02-13 14:18:22,312 INFO     ___FILE_ONLY___ ═
2025-02-13 14:18:22,326 INFO     ___FILE_ONLY___ ═
2025-02-13 14:18:22,326 INFO     ___FILE_ONLY___ ╝

2025-02-13 14:18:22,356 INFO     ___FILE_ONLY___ ╔════════════════════════════════════════════════════════════╗

2025-02-13 14:18:22,356 INFO     ___FILE_ONLY___ ╠═ Installing: Cloud Storage Command Line Tool (Platform... ═╣

2025-02-13 14:18:22,356 INFO     ___FILE_ONLY___ ╚
2025-02-13 14:18:22,357 INFO     ___FILE_ONLY___ ════════════════════════════════════════════════════════════
2025-02-13 14:18:22,357 INFO     ___FILE_ONLY___ ╝

2025-02-13 14:18:22,361 INFO     ___FILE_ONLY___ ╔════════════════════════════════════════════════════════════╗

2025-02-13 14:18:22,361 INFO     ___FILE_ONLY___ ╠═ Installing: Default set of gcloud commands               ═╣

2025-02-13 14:18:22,361 INFO     ___FILE_ONLY___ ╚
2025-02-13 14:18:22,364 INFO     ___FILE_ONLY___ ════════════════════════════════════════════════════════════
2025-02-13 14:18:22,364 INFO     ___FILE_ONLY___ ╝

2025-02-13 14:18:22,365 INFO     ___FILE_ONLY___ ╔════════════════════════════════════════════════════════════╗

2025-02-13 14:18:22,365 INFO     ___FILE_ONLY___ ╠═ Installing: Google Cloud CLI Core Libraries (Platform... ═╣

2025-02-13 14:18:22,365 INFO     ___FILE_ONLY___ ╚
2025-02-13 14:18:22,366 INFO     ___FILE_ONLY___ ══════════════════════════════
2025-02-13 14:18:22,366 INFO     ___FILE_ONLY___ ══════════════════════════════
2025-02-13 14:18:22,367 INFO     ___FILE_ONLY___ ╝

2025-02-13 14:18:22,370 INFO     ___FILE_ONLY___ ╔════════════════════════════════════════════════════════════╗

2025-02-13 14:18:22,370 INFO     ___FILE_ONLY___ ╠═ Installing: Google Cloud CRC32C Hash Tool                ═╣

2025-02-13 14:18:22,371 INFO     ___FILE_ONLY___ ╚
2025-02-13 14:18:22,373 INFO     ___FILE_ONLY___ ════════════════════════════════════════════════════════════
2025-02-13 14:18:22,373 INFO     ___FILE_ONLY___ ╝

2025-02-13 14:18:22,374 INFO     ___FILE_ONLY___ ╔════════════════════════════════════════════════════════════╗

2025-02-13 14:18:22,375 INFO     ___FILE_ONLY___ ╠═ Installing: Google Cloud CRC32C Hash Tool (Platform S... ═╣

2025-02-13 14:18:22,375 INFO     ___FILE_ONLY___ ╚
2025-02-13 14:18:22,413 INFO     ___FILE_ONLY___ ══════════════════════════════
2025-02-13 14:18:22,413 INFO     ___FILE_ONLY___ ══════════════════════════════
2025-02-13 14:18:22,413 INFO     ___FILE_ONLY___ ╝

2025-02-13 14:18:22,418 INFO     ___FILE_ONLY___ ╔════════════════════════════════════════════════════════════╗

2025-02-13 14:18:22,418 INFO     ___FILE_ONLY___ ╠═ Installing: gcloud cli dependencies (Platform Specific)  ═╣

2025-02-13 14:18:22,418 INFO     ___FILE_ONLY___ ╚
2025-02-13 14:18:22,418 INFO     ___FILE_ONLY___ ════════════════════════════════════════════════════════════
2025-02-13 14:18:22,418 INFO     ___FILE_ONLY___ ╝

2025-02-13 14:18:22,423 DEBUG    root            Updating notification cache...
2025-02-13 14:18:22,423 INFO     ___FILE_ONLY___ 

2025-02-13 14:18:22,425 INFO     ___FILE_ONLY___ Performing post processing steps...
2025-02-13 14:18:22,426 DEBUG    root            Executing command: ['/tools/google-cloud-sdk/bin/gcloud', 'components', 'post-process']
2025-02-13 14:18:30,198 DEBUG    ___FILE_ONLY___ 
2025-02-13 14:18:30,199 DEBUG    ___FILE_ONLY___ 
2025-02-13 14:18:30,471 INFO     ___FILE_ONLY___ 
Update done!


2025-02-13 14:18:30,474 DEBUG    root            Chosen display Format:none
2025-02-13 14:18:30,474 INFO     root            Display format: "none"
